This file contains any messages produced by compilers while
running configure, to aid debugging if configure makes a mistake.

It was created by OpenJDK configure jdk8, which was
generated by GNU Autoconf 2.69.  Invocation command line was

  $ ./common/autoconf/configure --enable-option-checking=fatal --with-milestone=fcs --enable-unlimited-crypto --with-zlib=system

## --------- ##
## Platform. ##
## --------- ##

hostname = archylap
uname -m = x86_64
uname -r = 4.10.9-1-ck-haswell
uname -s = Linux
uname -v = #1 SMP PREEMPT Sat Apr 8 09:11:08 EDT 2017

/usr/bin/uname -p = unknown
/bin/uname -X     = unknown

/bin/arch              = unknown
/usr/bin/arch -k       = unknown
/usr/convex/getsysinfo = unknown
/usr/bin/hostinfo      = unknown
/bin/machine           = unknown
/usr/bin/oslevel       = unknown
/bin/universe          = unknown

PATH: /home/mastercoms/sources/sumatra-dev/build/linux-x86_64-normal-server-release/jdk/bin
PATH: /home/mastercoms/bin
PATH: /other/things/in/path
PATH: /usr/local/sbin
PATH: /usr/local/bin
PATH: /usr/bin
PATH: /usr/lib/jvm/default/bin
PATH: /usr/bin/site_perl
PATH: /usr/bin/vendor_perl
PATH: /usr/bin/core_perl


## ----------- ##
## Core tests. ##
## ----------- ##

configure:3917: Configuration created at Wed Apr 12 00:09:53 EDT 2017.
configure:3919: configure script generated at timestamp 1491967392.
configure:3936: checking for basename
configure:3954: found /usr/bin/basename
configure:3966: result: /usr/bin/basename
configure:3995: checking for bash
configure:4025: result: /usr/bin/bash
configure:4054: checking for cat
configure:4072: found /usr/bin/cat
configure:4084: result: /usr/bin/cat
configure:4113: checking for chmod
configure:4131: found /usr/bin/chmod
configure:4143: result: /usr/bin/chmod
configure:4172: checking for cmp
configure:4190: found /usr/bin/cmp
configure:4202: result: /usr/bin/cmp
configure:4231: checking for comm
configure:4249: found /usr/bin/comm
configure:4261: result: /usr/bin/comm
configure:4290: checking for cp
configure:4308: found /usr/bin/cp
configure:4320: result: /usr/bin/cp
configure:4349: checking for cpio
configure:4367: found /usr/bin/cpio
configure:4379: result: /usr/bin/cpio
configure:4408: checking for cut
configure:4426: found /usr/bin/cut
configure:4438: result: /usr/bin/cut
configure:4467: checking for date
configure:4485: found /usr/bin/date
configure:4497: result: /usr/bin/date
configure:4526: checking for gdiff
configure:4559: result: no
configure:4526: checking for diff
configure:4544: found /usr/bin/diff
configure:4556: result: /usr/bin/diff
configure:4585: checking for dirname
configure:4603: found /usr/bin/dirname
configure:4615: result: /usr/bin/dirname
configure:4644: checking for echo
configure:4662: found /usr/bin/echo
configure:4674: result: /usr/bin/echo
configure:4703: checking for expr
configure:4721: found /usr/bin/expr
configure:4733: result: /usr/bin/expr
configure:4762: checking for file
configure:4780: found /usr/bin/file
configure:4792: result: /usr/bin/file
configure:4821: checking for find
configure:4839: found /usr/bin/find
configure:4851: result: /usr/bin/find
configure:4880: checking for head
configure:4898: found /usr/bin/head
configure:4910: result: /usr/bin/head
configure:4939: checking for ln
configure:4957: found /usr/bin/ln
configure:4969: result: /usr/bin/ln
configure:4998: checking for ls
configure:5016: found /usr/bin/ls
configure:5028: result: /usr/bin/ls
configure:5057: checking for mkdir
configure:5075: found /usr/bin/mkdir
configure:5087: result: /usr/bin/mkdir
configure:5116: checking for mktemp
configure:5134: found /usr/bin/mktemp
configure:5146: result: /usr/bin/mktemp
configure:5175: checking for mv
configure:5193: found /usr/bin/mv
configure:5205: result: /usr/bin/mv
configure:5234: checking for printf
configure:5252: found /usr/bin/printf
configure:5264: result: /usr/bin/printf
configure:5293: checking for rm
configure:5311: found /usr/bin/rm
configure:5323: result: /usr/bin/rm
configure:5352: checking for sh
configure:5370: found /usr/bin/sh
configure:5382: result: /usr/bin/sh
configure:5411: checking for sort
configure:5429: found /usr/bin/sort
configure:5441: result: /usr/bin/sort
configure:5470: checking for tail
configure:5488: found /usr/bin/tail
configure:5500: result: /usr/bin/tail
configure:5529: checking for tar
configure:5547: found /usr/bin/tar
configure:5559: result: /usr/bin/tar
configure:5588: checking for tee
configure:5606: found /usr/bin/tee
configure:5618: result: /usr/bin/tee
configure:5647: checking for touch
configure:5665: found /usr/bin/touch
configure:5677: result: /usr/bin/touch
configure:5706: checking for tr
configure:5724: found /usr/bin/tr
configure:5736: result: /usr/bin/tr
configure:5765: checking for uname
configure:5783: found /usr/bin/uname
configure:5795: result: /usr/bin/uname
configure:5824: checking for uniq
configure:5842: found /usr/bin/uniq
configure:5854: result: /usr/bin/uniq
configure:5883: checking for wc
configure:5901: found /usr/bin/wc
configure:5913: result: /usr/bin/wc
configure:5942: checking for which
configure:5960: found /usr/bin/which
configure:5972: result: /usr/bin/which
configure:6001: checking for xargs
configure:6019: found /usr/bin/xargs
configure:6031: result: /usr/bin/xargs
configure:6061: checking for gawk
configure:6077: found /usr/bin/gawk
configure:6088: result: gawk
configure:6111: checking for grep that handles long lines and -e
configure:6169: result: /usr/bin/grep
configure:6186: checking for egrep
configure:6248: result: /usr/bin/grep -E
configure:6265: checking for fgrep
configure:6327: result: /usr/bin/grep -F
configure:6344: checking for a sed that does not truncate output
configure:6408: result: /usr/bin/sed
configure:6430: checking for nawk
configure:6463: result: no
configure:6430: checking for gawk
configure:6448: found /usr/bin/gawk
configure:6460: result: /usr/bin/gawk
configure:6494: checking for cygpath
configure:6527: result: no
configure:6534: checking for readlink
configure:6552: found /usr/bin/readlink
configure:6564: result: /usr/bin/readlink
configure:6574: checking for df
configure:6592: found /usr/bin/df
configure:6604: result: /usr/bin/df
configure:6614: checking for SetFile
configure:6647: result: no
configure:6660: checking build system type
configure:6674: result: x86_64-unknown-linux-gnu
configure:6694: checking host system type
configure:6707: result: x86_64-unknown-linux-gnu
configure:6727: checking target system type
configure:6740: result: x86_64-unknown-linux-gnu
configure:6901: checking openjdk-build os-cpu
configure:6903: result: linux-x86_64
configure:7021: checking openjdk-target os-cpu
configure:7023: result: linux-x86_64
configure:7073: checking compilation type
configure:7075: result: native
configure:7774: checking for presence of closed sources
configure:7781: result: no
configure:7784: checking if closed source is suppressed (openjdk-only)
configure:7787: result: no
configure:7824: checking which variant of the JDK to build
configure:7841: result: normal
configure:7857: checking which variants of the JVM to build
configure:7876: result: server
configure:7943: checking which debug level to use
configure:7967: result: release
configure:8128: checking what configuration name to use
configure:8130: result: linux-x86_64-normal-server-release
configure:8297: checking for apt-get
configure:8327: result: no
configure:8297: checking for yum
configure:8327: result: no
configure:8297: checking for port
configure:8327: result: no
configure:8297: checking for pkgutil
configure:8327: result: no
configure:8297: checking for pkgadd
configure:8327: result: no
configure:8662: checking for gmake
configure:8695: result: no
configure:9016: checking for make
configure:9034: found /usr/bin/make
configure:9046: result: /usr/bin/make
configure:9061: Testing potential make at /usr/bin/make, found using make in PATH
configure:9329: Resolving FOUND_MAKE (as /usr/bin/make) failed, using /usr/bin/make directly.
configure:10088: Using GNU make 3.81 (or later) at /usr/bin/make (version: GNU Make 4.2.1)
configure:10094: checking if find supports -delete
configure:10110: result: yes
configure:10124: checking for unzip
configure:10142: found /usr/bin/unzip
configure:10154: result: /usr/bin/unzip
configure:10183: checking for zip
configure:10201: found /usr/bin/zip
configure:10213: result: /usr/bin/zip
configure:10242: checking for ldd
configure:10260: found /usr/bin/ldd
configure:10272: result: /usr/bin/ldd
configure:10288: checking for otool
configure:10321: result: no
configure:10333: checking for readelf
configure:10351: found /usr/bin/readelf
configure:10363: result: /usr/bin/readelf
configure:10376: checking for hg
configure:10406: result: /usr/bin/hg
configure:10416: checking for stat
configure:10434: found /usr/bin/stat
configure:10446: result: /usr/bin/stat
configure:10456: checking for time
configure:10489: result: no
configure:10793: checking for pkg-config
configure:10811: found /usr/bin/pkg-config
configure:10823: result: /usr/bin/pkg-config
configure:10848: checking pkg-config is at least version 0.9.0
configure:10851: result: yes
configure:10966: checking for 7z
configure:10982: found /usr/bin/7z
configure:10993: result: 7z
configure:11012: checking for wget
configure:11028: found /usr/bin/wget
configure:11039: result: wget
configure:11066: checking headful support
configure:11090: result: include support for both headful and headless
configure:11934: Found potential Boot JDK using JAVA_HOME
configure:11958: Potential Boot JDK found at /home/mastercoms/sources/sumatra-dev/build/linux-x86_64-normal-server-release/jdk did not contain an rt.jar; ignoring
configure:12310: checking for javac
configure:12328: found /home/mastercoms/sources/sumatra-dev/build/linux-x86_64-normal-server-release/jdk/bin/javac
configure:12340: result: /home/mastercoms/sources/sumatra-dev/build/linux-x86_64-normal-server-release/jdk/bin/javac
configure:12350: checking for java
configure:12368: found /home/mastercoms/sources/sumatra-dev/build/linux-x86_64-normal-server-release/jdk/bin/java
configure:12380: result: /home/mastercoms/sources/sumatra-dev/build/linux-x86_64-normal-server-release/jdk/bin/java
configure:12450: Found potential Boot JDK using java(c) in PATH
configure:12474: Potential Boot JDK found at /home/mastercoms/sources/sumatra-dev/build/linux-x86_64-normal-server-release/jdk did not contain an rt.jar; ignoring
configure:15326: Found potential Boot JDK using well-known locations (in /usr/lib/jvm/java-9-jdk)
configure:15349: Potential Boot JDK found at /usr/lib/jvm/java-9-jdk did not contain an rt.jar; ignoring
configure:15326: Found potential Boot JDK using well-known locations (in /usr/lib/jvm/java-8-sumatra)
configure:15349: Potential Boot JDK found at /usr/lib/jvm/java-8-sumatra did not contain an rt.jar; ignoring
configure:15326: Found potential Boot JDK using well-known locations (in /usr/lib/jvm/java-8-openjdk)
configure:15335: Potential Boot JDK found at /usr/lib/jvm/java-8-openjdk did not contain bin/java; ignoring
configure:15326: Found potential Boot JDK using well-known locations (in /usr/lib/jvm/java-8-jdk)
configure:15489: checking for Boot JDK
configure:15491: result: /usr/lib/jvm/java-8-jdk
configure:15493: checking Boot JDK version
configure:15496: result: java version "1.8.0_121" Java(TM) SE Runtime Environment (build 1.8.0_121-b13) Java HotSpot(TM) 64-Bit Server VM (build 25.121-b13, mixed mode) 
configure:15920: checking for java in Boot JDK
configure:15930: result: ok
configure:15934: checking for javac in Boot JDK
configure:15944: result: ok
configure:15948: checking for javah in Boot JDK
configure:15958: result: ok
configure:15962: checking for javap in Boot JDK
configure:15972: result: ok
configure:15976: checking for jar in Boot JDK
configure:15986: result: ok
configure:15990: checking for rmic in Boot JDK
configure:16000: result: ok
configure:16004: checking for native2ascii in Boot JDK
configure:16014: result: ok
Check if jvm arg is ok: -Xms64M
Command: /usr/lib/jvm/java-8-jdk/bin/java -Xms64M -version
Check if jvm arg is ok: -Xmx1100M
Command: /usr/lib/jvm/java-8-jdk/bin/java -Xmx1100M -version
Check if jvm arg is ok: -XX:PermSize=32m
Command: /usr/lib/jvm/java-8-jdk/bin/java -XX:PermSize=32m -version
Arg failed:
Java HotSpot(TM) 64-Bit Server VM warning: ignoring option PermSize=32m; support was removed in 8.0
java version "1.8.0_121"
Java(TM) SE Runtime Environment (build 1.8.0_121-b13)
Java HotSpot(TM) 64-Bit Server VM (build 25.121-b13, mixed mode)
Check if jvm arg is ok: -XX:MaxPermSize=160m
Command: /usr/lib/jvm/java-8-jdk/bin/java -XX:MaxPermSize=160m -version
Arg failed:
Java HotSpot(TM) 64-Bit Server VM warning: ignoring option MaxPermSize=160m; support was removed in 8.0
java version "1.8.0_121"
Java(TM) SE Runtime Environment (build 1.8.0_121-b13)
Java HotSpot(TM) 64-Bit Server VM (build 25.121-b13, mixed mode)
Check if jvm arg is ok: -XX:ThreadStackSize=1536
Command: /usr/lib/jvm/java-8-jdk/bin/java -XX:ThreadStackSize=1536 -version
Check if jvm arg is ok: -XX:-PrintVMOptions -XX:-UnlockDiagnosticVMOptions -XX:-LogVMOutput
Command: /usr/lib/jvm/java-8-jdk/bin/java -XX:-PrintVMOptions -XX:-UnlockDiagnosticVMOptions -XX:-LogVMOutput -version
Arg failed:
Error: VM option 'LogVMOutput' is diagnostic and must be enabled via -XX:+UnlockDiagnosticVMOptions.
Error: Could not create the Java Virtual Machine.
Error: A fatal exception has occurred. Program will exit.
configure:16530: checking for jtreg
configure:16532: result: no
configure:19207: checking for gcc
configure:19225: found /usr/bin/gcc
configure:19237: result: /usr/bin/gcc
configure:19522: Resolving CC (as /usr/bin/gcc) failed, using /usr/bin/gcc directly.
configure:19552: checking resolved symbolic links for CC
configure:19603: result: /usr/bin/gcc
configure:19605: checking if CC is disguised ccache
configure:20044: result: no, keeping CC
configure:20107: Using gcc (GCC) 6.3.1 C compiler version 6.3.1 (located at /usr/bin/gcc)
configure:20224: checking for C compiler version
configure:20233: /usr/bin/gcc --version >&5
gcc (GCC) 6.3.1 20170306
Copyright (C) 2016 Free Software Foundation, Inc.
This is free software; see the source for copying conditions.  There is NO
warranty; not even for MERCHANTABILITY or FITNESS FOR A PARTICULAR PURPOSE.

configure:20244: $? = 0
configure:20233: /usr/bin/gcc -v >&5
Using built-in specs.
COLLECT_GCC=/usr/bin/gcc
COLLECT_LTO_WRAPPER=/usr/lib/gcc/x86_64-pc-linux-gnu/6.3.1/lto-wrapper
Target: x86_64-pc-linux-gnu
Configured with: /build/gcc-multilib/src/gcc/configure --prefix=/usr --libdir=/usr/lib --libexecdir=/usr/lib --mandir=/usr/share/man --infodir=/usr/share/info --with-bugurl=https://bugs.archlinux.org/ --enable-languages=c,c++,ada,fortran,go,lto,objc,obj-c++ --enable-shared --enable-threads=posix --enable-libmpx --with-system-zlib --with-isl --enable-__cxa_atexit --disable-libunwind-exceptions --enable-clocale=gnu --disable-libstdcxx-pch --disable-libssp --enable-gnu-unique-object --enable-linker-build-id --enable-lto --enable-plugin --enable-install-libiberty --with-linker-hash-style=gnu --enable-gnu-indirect-function --enable-multilib --disable-werror --enable-checking=release
Thread model: posix
gcc version 6.3.1 20170306 (GCC) 
configure:20244: $? = 0
configure:20233: /usr/bin/gcc -V >&5
gcc: error: unrecognized command line option '-V'
gcc: fatal error: no input files
compilation terminated.
configure:20244: $? = 1
configure:20233: /usr/bin/gcc -qversion >&5
gcc: error: unrecognized command line option '-qversion'; did you mean '--version'?
gcc: fatal error: no input files
compilation terminated.
configure:20244: $? = 1
configure:20264: checking whether the C compiler works
configure:20286: /usr/bin/gcc -Wno-error=deprecated-declarations   conftest.c  >&5
configure:20290: $? = 0
configure:20338: result: yes
configure:20341: checking for C compiler default output file name
configure:20343: result: a.out
configure:20349: checking for suffix of executables
configure:20356: /usr/bin/gcc -o conftest -Wno-error=deprecated-declarations   conftest.c  >&5
configure:20360: $? = 0
configure:20382: result: 
configure:20404: checking whether we are cross compiling
configure:20412: /usr/bin/gcc -o conftest -Wno-error=deprecated-declarations   conftest.c  >&5
configure:20416: $? = 0
configure:20423: ./conftest
configure:20427: $? = 0
configure:20442: result: no
configure:20447: checking for suffix of object files
configure:20469: /usr/bin/gcc -c -Wno-error=deprecated-declarations  conftest.c >&5
configure:20473: $? = 0
configure:20494: result: o
configure:20498: checking whether we are using the GNU C compiler
configure:20517: /usr/bin/gcc -c -Wno-error=deprecated-declarations  conftest.c >&5
configure:20517: $? = 0
configure:20526: result: yes
configure:20535: checking whether /usr/bin/gcc accepts -g
configure:20555: /usr/bin/gcc -c -g  conftest.c >&5
configure:20555: $? = 0
configure:20596: result: yes
configure:20613: checking for /usr/bin/gcc option to accept ISO C89
configure:20676: /usr/bin/gcc  -c -Wno-error=deprecated-declarations  conftest.c >&5
configure:20676: $? = 0
configure:20689: result: none needed
configure:20787: checking for g++
configure:20805: found /usr/bin/g++
configure:20817: result: /usr/bin/g++
configure:21102: Resolving CXX (as /usr/bin/g++) failed, using /usr/bin/g++ directly.
configure:21132: checking resolved symbolic links for CXX
configure:21183: result: /usr/bin/g++
configure:21185: checking if CXX is disguised ccache
configure:21624: result: no, keeping CXX
configure:21687: Using g++ (GCC) 6.3.1 C++ compiler version 6.3.1 (located at /usr/bin/g++)
configure:21804: checking for C++ compiler version
configure:21813: /usr/bin/g++ --version >&5
g++ (GCC) 6.3.1 20170306
Copyright (C) 2016 Free Software Foundation, Inc.
This is free software; see the source for copying conditions.  There is NO
warranty; not even for MERCHANTABILITY or FITNESS FOR A PARTICULAR PURPOSE.

configure:21824: $? = 0
configure:21813: /usr/bin/g++ -v >&5
Using built-in specs.
COLLECT_GCC=/usr/bin/g++
COLLECT_LTO_WRAPPER=/usr/lib/gcc/x86_64-pc-linux-gnu/6.3.1/lto-wrapper
Target: x86_64-pc-linux-gnu
Configured with: /build/gcc-multilib/src/gcc/configure --prefix=/usr --libdir=/usr/lib --libexecdir=/usr/lib --mandir=/usr/share/man --infodir=/usr/share/info --with-bugurl=https://bugs.archlinux.org/ --enable-languages=c,c++,ada,fortran,go,lto,objc,obj-c++ --enable-shared --enable-threads=posix --enable-libmpx --with-system-zlib --with-isl --enable-__cxa_atexit --disable-libunwind-exceptions --enable-clocale=gnu --disable-libstdcxx-pch --disable-libssp --enable-gnu-unique-object --enable-linker-build-id --enable-lto --enable-plugin --enable-install-libiberty --with-linker-hash-style=gnu --enable-gnu-indirect-function --enable-multilib --disable-werror --enable-checking=release
Thread model: posix
gcc version 6.3.1 20170306 (GCC) 
configure:21824: $? = 0
configure:21813: /usr/bin/g++ -V >&5
g++: error: unrecognized command line option '-V'
g++: fatal error: no input files
compilation terminated.
configure:21824: $? = 1
configure:21813: /usr/bin/g++ -qversion >&5
g++: error: unrecognized command line option '-qversion'; did you mean '--version'?
g++: fatal error: no input files
compilation terminated.
configure:21824: $? = 1
configure:21828: checking whether we are using the GNU C++ compiler
configure:21847: /usr/bin/g++ -c   conftest.cpp >&5
configure:21847: $? = 0
configure:21856: result: yes
configure:21865: checking whether /usr/bin/g++ accepts -g
configure:21885: /usr/bin/g++ -c -g  conftest.cpp >&5
configure:21885: $? = 0
configure:21926: result: yes
configure:22562: checking for ar
configure:22578: found /usr/bin/ar
configure:22589: result: ar
configure:22873: Rewriting AR to "/usr/bin/ar"
configure:24577: checking how to run the C preprocessor
configure:24608: /usr/bin/gcc -E  conftest.c
configure:24608: $? = 0
configure:24622: /usr/bin/gcc -E  conftest.c
conftest.c:9:28: fatal error: ac_nonexistent.h: No such file or directory
 #include <ac_nonexistent.h>
                            ^
compilation terminated.
configure:24622: $? = 1
configure: failed program was:
| /* confdefs.h */
| #define PACKAGE_NAME "OpenJDK"
| #define PACKAGE_TARNAME "openjdk"
| #define PACKAGE_VERSION "jdk8"
| #define PACKAGE_STRING "OpenJDK jdk8"
| #define PACKAGE_BUGREPORT "build-dev@openjdk.java.net"
| #define PACKAGE_URL "http://openjdk.java.net"
| /* end confdefs.h.  */
| #include <ac_nonexistent.h>
configure:24647: result: /usr/bin/gcc -E
configure:24667: /usr/bin/gcc -E  conftest.c
configure:24667: $? = 0
configure:24681: /usr/bin/gcc -E  conftest.c
conftest.c:9:28: fatal error: ac_nonexistent.h: No such file or directory
 #include <ac_nonexistent.h>
                            ^
compilation terminated.
configure:24681: $? = 1
configure: failed program was:
| /* confdefs.h */
| #define PACKAGE_NAME "OpenJDK"
| #define PACKAGE_TARNAME "openjdk"
| #define PACKAGE_VERSION "jdk8"
| #define PACKAGE_STRING "OpenJDK jdk8"
| #define PACKAGE_BUGREPORT "build-dev@openjdk.java.net"
| #define PACKAGE_URL "http://openjdk.java.net"
| /* end confdefs.h.  */
| #include <ac_nonexistent.h>
configure:24945: Resolving CPP (as /usr/bin/gcc) failed, using /usr/bin/gcc directly.
configure:24981: checking how to run the C++ preprocessor
configure:25008: /usr/bin/g++ -E  conftest.cpp
configure:25008: $? = 0
configure:25022: /usr/bin/g++ -E  conftest.cpp
conftest.cpp:9:28: fatal error: ac_nonexistent.h: No such file or directory
 #include <ac_nonexistent.h>
                            ^
compilation terminated.
configure:25022: $? = 1
configure: failed program was:
| /* confdefs.h */
| #define PACKAGE_NAME "OpenJDK"
| #define PACKAGE_TARNAME "openjdk"
| #define PACKAGE_VERSION "jdk8"
| #define PACKAGE_STRING "OpenJDK jdk8"
| #define PACKAGE_BUGREPORT "build-dev@openjdk.java.net"
| #define PACKAGE_URL "http://openjdk.java.net"
| /* end confdefs.h.  */
| #include <ac_nonexistent.h>
configure:25047: result: /usr/bin/g++ -E
configure:25067: /usr/bin/g++ -E  conftest.cpp
configure:25067: $? = 0
configure:25081: /usr/bin/g++ -E  conftest.cpp
conftest.cpp:9:28: fatal error: ac_nonexistent.h: No such file or directory
 #include <ac_nonexistent.h>
                            ^
compilation terminated.
configure:25081: $? = 1
configure: failed program was:
| /* confdefs.h */
| #define PACKAGE_NAME "OpenJDK"
| #define PACKAGE_TARNAME "openjdk"
| #define PACKAGE_VERSION "jdk8"
| #define PACKAGE_STRING "OpenJDK jdk8"
| #define PACKAGE_BUGREPORT "build-dev@openjdk.java.net"
| #define PACKAGE_URL "http://openjdk.java.net"
| /* end confdefs.h.  */
| #include <ac_nonexistent.h>
configure:25345: Resolving CXXCPP (as /usr/bin/g++) failed, using /usr/bin/g++ directly.
configure:26978: checking for nm
configure:26994: found /usr/bin/nm
configure:27005: result: nm
configure:27289: Rewriting NM to "/usr/bin/nm"
configure:27338: checking for strip
configure:27354: found /usr/bin/strip
configure:27365: result: strip
configure:27649: Rewriting STRIP to "/usr/bin/strip"
configure:27707: checking for gobjcopy
configure:27737: result: no
configure:27707: checking for objcopy
configure:27723: found /usr/bin/objcopy
configure:27734: result: objcopy
configure:28022: Rewriting OBJCOPY to "/usr/bin/objcopy"
configure:28078: checking for gobjdump
configure:28108: result: no
configure:28078: checking for objdump
configure:28094: found /usr/bin/objdump
configure:28105: result: objdump
configure:28393: Rewriting OBJDUMP to "/usr/bin/objdump"
configure:28719: checking for ANSI C header files
configure:28739: /usr/bin/g++ -c   conftest.cpp >&5
configure:28739: $? = 0
configure:28812: /usr/bin/g++ -o conftest    conftest.cpp  >&5
configure:28812: $? = 0
configure:28812: ./conftest
configure:28812: $? = 0
configure:28823: result: yes
configure:28836: checking for sys/types.h
configure:28836: /usr/bin/g++ -c   conftest.cpp >&5
configure:28836: $? = 0
configure:28836: result: yes
configure:28836: checking for sys/stat.h
configure:28836: /usr/bin/g++ -c   conftest.cpp >&5
configure:28836: $? = 0
configure:28836: result: yes
configure:28836: checking for stdlib.h
configure:28836: /usr/bin/g++ -c   conftest.cpp >&5
configure:28836: $? = 0
configure:28836: result: yes
configure:28836: checking for string.h
configure:28836: /usr/bin/g++ -c   conftest.cpp >&5
configure:28836: $? = 0
configure:28836: result: yes
configure:28836: checking for memory.h
configure:28836: /usr/bin/g++ -c   conftest.cpp >&5
configure:28836: $? = 0
configure:28836: result: yes
configure:28836: checking for strings.h
configure:28836: /usr/bin/g++ -c   conftest.cpp >&5
configure:28836: $? = 0
configure:28836: result: yes
configure:28836: checking for inttypes.h
configure:28836: /usr/bin/g++ -c   conftest.cpp >&5
configure:28836: $? = 0
configure:28836: result: yes
configure:28836: checking for stdint.h
configure:28836: /usr/bin/g++ -c   conftest.cpp >&5
configure:28836: $? = 0
configure:28836: result: yes
configure:28836: checking for unistd.h
configure:28836: /usr/bin/g++ -c   conftest.cpp >&5
configure:28836: $? = 0
configure:28836: result: yes
configure:28901: checking stdio.h usability
configure:28901: /usr/bin/g++ -c   conftest.cpp >&5
configure:28901: $? = 0
configure:28901: result: yes
configure:28901: checking stdio.h presence
configure:28901: /usr/bin/g++ -E  conftest.cpp
configure:28901: $? = 0
configure:28901: result: yes
configure:28901: checking for stdio.h
configure:28901: result: yes
configure:28929: checking size of int *
configure:28934: /usr/bin/g++ -o conftest    conftest.cpp  >&5
configure:28934: $? = 0
configure:28934: ./conftest
configure:28934: $? = 0
configure:28948: result: 8
configure:28976: checking for target address size
configure:28978: result: 64 bits
configure:28986: checking whether byte ordering is bigendian
configure:29001: /usr/bin/g++ -c   conftest.cpp >&5
conftest.cpp:22:9: error: expected unqualified-id before 'not' token
         not a universal capable compiler
         ^~~
configure:29001: $? = 1
configure: failed program was:
| /* confdefs.h */
| #define PACKAGE_NAME "OpenJDK"
| #define PACKAGE_TARNAME "openjdk"
| #define PACKAGE_VERSION "jdk8"
| #define PACKAGE_STRING "OpenJDK jdk8"
| #define PACKAGE_BUGREPORT "build-dev@openjdk.java.net"
| #define PACKAGE_URL "http://openjdk.java.net"
| #define STDC_HEADERS 1
| #define HAVE_SYS_TYPES_H 1
| #define HAVE_SYS_STAT_H 1
| #define HAVE_STDLIB_H 1
| #define HAVE_STRING_H 1
| #define HAVE_MEMORY_H 1
| #define HAVE_STRINGS_H 1
| #define HAVE_INTTYPES_H 1
| #define HAVE_STDINT_H 1
| #define HAVE_UNISTD_H 1
| #define HAVE_STDIO_H 1
| #define SIZEOF_INT_P 8
| /* end confdefs.h.  */
| #ifndef __APPLE_CC__
| 	       not a universal capable compiler
| 	     #endif
| 	     typedef int dummy;
| 
configure:29046: /usr/bin/g++ -c   conftest.cpp >&5
configure:29046: $? = 0
configure:29064: /usr/bin/g++ -c   conftest.cpp >&5
conftest.cpp: In function 'int main()':
conftest.cpp:28:8: error: 'big' was not declared in this scope
    not big endian
        ^~~
configure:29064: $? = 1
configure: failed program was:
| /* confdefs.h */
| #define PACKAGE_NAME "OpenJDK"
| #define PACKAGE_TARNAME "openjdk"
| #define PACKAGE_VERSION "jdk8"
| #define PACKAGE_STRING "OpenJDK jdk8"
| #define PACKAGE_BUGREPORT "build-dev@openjdk.java.net"
| #define PACKAGE_URL "http://openjdk.java.net"
| #define STDC_HEADERS 1
| #define HAVE_SYS_TYPES_H 1
| #define HAVE_SYS_STAT_H 1
| #define HAVE_STDLIB_H 1
| #define HAVE_STRING_H 1
| #define HAVE_MEMORY_H 1
| #define HAVE_STRINGS_H 1
| #define HAVE_INTTYPES_H 1
| #define HAVE_STDINT_H 1
| #define HAVE_UNISTD_H 1
| #define HAVE_STDIO_H 1
| #define SIZEOF_INT_P 8
| /* end confdefs.h.  */
| #include <sys/types.h>
| 		#include <sys/param.h>
| 
| int
| main ()
| {
| #if BYTE_ORDER != BIG_ENDIAN
| 		 not big endian
| 		#endif
| 
|   ;
|   return 0;
| }
configure:29192: result: no
configure:29506: WARNING: Ignoring CFLAGS(-Wno-error=deprecated-declarations) found in environment. Use --with-extra-cflags
configure:29569: checking if the C++ compiler supports "-std=gnu++98 "
configure:29585: /usr/bin/g++ -c  -std=gnu++98   conftest.cpp >&5
configure:29585: $? = 0
configure:29599: result: yes
configure:29645: checking if the C compiler supports "-fno-delete-null-pointer-checks -Werror"
configure:29662: /usr/bin/gcc -c -Wno-error=deprecated-declarations -fno-delete-null-pointer-checks -Werror  conftest.c >&5
configure:29662: $? = 0
configure:29676: result: yes
configure:29685: checking if the C++ compiler supports "-fno-delete-null-pointer-checks -Werror"
configure:29701: /usr/bin/g++ -c  -fno-delete-null-pointer-checks -Werror  conftest.cpp >&5
configure:29701: $? = 0
configure:29715: result: yes
configure:29724: checking if both compilers support "-fno-delete-null-pointer-checks -Werror"
configure:29729: result: yes
configure:29741: checking if the C compiler supports "-fno-lifetime-dse -Werror"
configure:29757: /usr/bin/gcc -c -Wno-error=deprecated-declarations -fno-lifetime-dse -Werror  conftest.c >&5
configure:29757: $? = 0
configure:29771: result: yes
configure:29780: checking if the C++ compiler supports "-fno-lifetime-dse -Werror"
configure:29796: /usr/bin/g++ -c  -fno-lifetime-dse -Werror  conftest.cpp >&5
configure:29796: $? = 0
configure:29810: result: yes
configure:29819: checking if both compilers support "-fno-lifetime-dse -Werror"
configure:29824: result: yes
configure:30063: checking if the C compiler supports "-m64"
configure:30079: /usr/bin/gcc -c -Wno-error=deprecated-declarations -m64  conftest.c >&5
configure:30079: $? = 0
configure:30093: result: yes
configure:30102: checking if the C++ compiler supports "-m64"
configure:30118: /usr/bin/g++ -c  -m64  conftest.cpp >&5
configure:30118: $? = 0
configure:30132: result: yes
configure:30141: checking if both compilers support "-m64"
configure:30146: result: yes
configure:30160: checking if the C compiler supports "-m64"
configure:30176: /usr/bin/gcc -c -Wno-error=deprecated-declarations -m64  conftest.c >&5
configure:30176: $? = 0
configure:30190: result: yes
configure:30199: checking if the C++ compiler supports "-m64"
configure:30215: /usr/bin/g++ -c  -m64  conftest.cpp >&5
configure:30215: $? = 0
configure:30229: result: yes
configure:30238: checking if both compilers support "-m64"
configure:30243: result: yes
configure:30266: checking if we should generate debug symbols
configure:30291: result: true
configure:30297: checking if we should zip debug-info files
configure:30306: result: yes
configure:30394: checking what is not needed on Linux?
configure:30397: result: pulse
configure:30466: checking for Mac OS X Java Framework
configure:30472: result: no
configure:30506: checking for X
configure:30614: /usr/bin/g++ -E  conftest.cpp
configure:30614: $? = 0
configure:30645: /usr/bin/g++ -o conftest    conftest.cpp -lX11  >&5
configure:30645: $? = 0
configure:30695: result: libraries , headers 
configure:30794: /usr/bin/g++ -o conftest    conftest.cpp   -lX11 >&5
configure:30794: $? = 0
configure:30892: checking for gethostbyname
configure:30892: /usr/bin/g++ -o conftest    conftest.cpp  >&5
configure:30892: $? = 0
configure:30892: result: yes
configure:30989: checking for connect
configure:30989: /usr/bin/g++ -o conftest    conftest.cpp  >&5
configure:30989: $? = 0
configure:30989: result: yes
configure:31038: checking for remove
configure:31038: /usr/bin/g++ -o conftest    conftest.cpp  >&5
configure:31038: $? = 0
configure:31038: result: yes
configure:31087: checking for shmat
configure:31087: /usr/bin/g++ -o conftest    conftest.cpp  >&5
configure:31087: $? = 0
configure:31087: result: yes
configure:31145: checking for IceConnectionNumber in -lICE
configure:31170: /usr/bin/g++ -o conftest    conftest.cpp -lICE   >&5
configure:31170: $? = 0
configure:31179: result: yes
configure:31262: checking for X11/extensions/shape.h
configure:31262: /usr/bin/gcc -c -Wno-error=deprecated-declarations   conftest.c >&5
configure:31262: $? = 0
configure:31262: result: yes
configure:31262: checking for X11/extensions/Xrender.h
configure:31262: /usr/bin/gcc -c -Wno-error=deprecated-declarations   conftest.c >&5
configure:31262: $? = 0
configure:31262: result: yes
configure:31262: checking for X11/extensions/XTest.h
configure:31262: /usr/bin/gcc -c -Wno-error=deprecated-declarations   conftest.c >&5
configure:31262: $? = 0
configure:31262: result: yes
configure:31262: checking for X11/Intrinsic.h
configure:31262: /usr/bin/gcc -c -Wno-error=deprecated-declarations   conftest.c >&5
configure:31262: $? = 0
configure:31262: result: yes
configure:31517: checking cups/cups.h usability
configure:31517: /usr/bin/g++ -c   conftest.cpp >&5
configure:31517: $? = 0
configure:31517: result: yes
configure:31517: checking cups/cups.h presence
configure:31517: /usr/bin/g++ -E  conftest.cpp
configure:31517: $? = 0
configure:31517: result: yes
configure:31517: checking for cups/cups.h
configure:31517: result: yes
configure:31517: checking cups/ppd.h usability
configure:31517: /usr/bin/g++ -c   conftest.cpp >&5
configure:31517: $? = 0
configure:31517: result: yes
configure:31517: checking cups/ppd.h presence
configure:31517: /usr/bin/g++ -E  conftest.cpp
configure:31517: $? = 0
configure:31517: result: yes
configure:31517: checking for cups/ppd.h
configure:31517: result: yes
configure:32145: checking for FREETYPE
configure:32152: $PKG_CONFIG --exists --print-errors "freetype2"
configure:32155: $? = 0
configure:32168: $PKG_CONFIG --exists --print-errors "freetype2"
configure:32171: $? = 0
configure:32206: result: yes
configure:32223: checking for freetype
configure:32225: result: yes (using pkg-config)
configure:34611: checking if we can compile and link with freetype
configure:34636:  /usr/bin/g++ -o conftest  -I/usr/include/freetype2 -I/usr/include/libpng16 -I/usr/include/harfbuzz -I/usr/include/glib-2.0 -I/usr/lib/glib-2.0/include   conftest.cpp  -lfreetype >&5
configure:34636: $? = 0
configure:34638: result: yes
configure:34699: checking if we should bundle freetype
configure:34704: result: no
configure:34915: checking for ALSA
configure:34922: $PKG_CONFIG --exists --print-errors "alsa"
configure:34925: $? = 0
configure:34938: $PKG_CONFIG --exists --print-errors "alsa"
configure:34941: $? = 0
configure:34976: result: yes
configure:35050: checking for main in -ljpeg
configure:35069: /usr/bin/g++ -o conftest  -I/usr/include/freetype2 -I/usr/include/libpng16 -I/usr/include/harfbuzz -I/usr/include/glib-2.0 -I/usr/lib/glib-2.0/include   conftest.cpp -ljpeg   >&5
configure:35069: $? = 0
configure:35078: result: yes
configure:35109: checking for which giflib to use
configure:35122: result: bundled
configure:35202: checking for compress in -lz
configure:35227: /usr/bin/g++ -o conftest  -I/usr/include/freetype2 -I/usr/include/libpng16 -I/usr/include/harfbuzz -I/usr/include/glib-2.0 -I/usr/lib/glib-2.0/include   conftest.cpp -lz  -ljpeg  >&5
configure:35227: $? = 0
configure:35236: result: yes
configure:35245: checking for which zlib to use
configure:35277: result: system
configure:35311: /usr/bin/g++ -o conftest  -I/usr/include/freetype2 -I/usr/include/libpng16 -I/usr/include/harfbuzz -I/usr/include/glib-2.0 -I/usr/lib/glib-2.0/include   conftest.cpp -ljpeg  >&5
conftest.cpp: In function 'int main()':
conftest.cpp:32:13: error: 'altzone' was not declared in this scope
 return (int)altzone;
             ^~~~~~~
configure:35311: $? = 1
configure: failed program was:
| /* confdefs.h */
| #define PACKAGE_NAME "OpenJDK"
| #define PACKAGE_TARNAME "openjdk"
| #define PACKAGE_VERSION "jdk8"
| #define PACKAGE_STRING "OpenJDK jdk8"
| #define PACKAGE_BUGREPORT "build-dev@openjdk.java.net"
| #define PACKAGE_URL "http://openjdk.java.net"
| #define STDC_HEADERS 1
| #define HAVE_SYS_TYPES_H 1
| #define HAVE_SYS_STAT_H 1
| #define HAVE_STDLIB_H 1
| #define HAVE_STRING_H 1
| #define HAVE_MEMORY_H 1
| #define HAVE_STRINGS_H 1
| #define HAVE_INTTYPES_H 1
| #define HAVE_STDINT_H 1
| #define HAVE_UNISTD_H 1
| #define HAVE_STDIO_H 1
| #define SIZEOF_INT_P 8
| #define HAVE_X11_EXTENSIONS_SHAPE_H 1
| #define HAVE_X11_EXTENSIONS_XRENDER_H 1
| #define HAVE_X11_EXTENSIONS_XTEST_H 1
| #define HAVE_X11_INTRINSIC_H 1
| #define HAVE_CUPS_CUPS_H 1
| #define HAVE_CUPS_PPD_H 1
| #define HAVE_LIBJPEG 1
| /* end confdefs.h.  */
| #include <time.h>
| int
| main ()
| {
| return (int)altzone;
|   ;
|   return 0;
| }
configure:35329: checking for cos in -lm
configure:35354: /usr/bin/g++ -o conftest  -I/usr/include/freetype2 -I/usr/include/libpng16 -I/usr/include/harfbuzz -I/usr/include/glib-2.0 -I/usr/lib/glib-2.0/include   conftest.cpp -lm  -ljpeg  >&5
configure:35354: $? = 0
configure:35363: result: yes
configure:35388: checking for dlopen in -ldl
configure:35413: /usr/bin/g++ -o conftest  -I/usr/include/freetype2 -I/usr/include/libpng16 -I/usr/include/harfbuzz -I/usr/include/glib-2.0 -I/usr/lib/glib-2.0/include   conftest.cpp -ldl   >&5
configure:35413: $? = 0
configure:35422: result: yes
configure:35460: checking if dynamic link of stdc++ is possible
configure:35481: /usr/bin/g++ -o conftest  -I/usr/include/freetype2 -I/usr/include/libpng16 -I/usr/include/harfbuzz -I/usr/include/glib-2.0 -I/usr/lib/glib-2.0/include -lstdc++   conftest.cpp -lm -ljpeg  >&5
configure:35481: $? = 0
configure:35495: result: yes
configure:35499: checking if static link of stdc++ is possible
configure:35523: /usr/bin/gcc -o conftest  -I/usr/include/freetype2 -I/usr/include/libpng16 -I/usr/include/harfbuzz -I/usr/include/glib-2.0 -I/usr/lib/glib-2.0/include   conftest.cpp -Wl,-Bstatic -lstdc++ -lgcc -Wl,-Bdynamic >&5
configure:35523: $? = 0
configure:35538: result: yes
configure:35553: checking how to link with libstdc++
configure:35567: result: static
configure:35779: checking if elliptic curve crypto implementation is present
configure:35784: result: yes
configure:35813: checking for number of cores
configure:35837: result: 4
configure:35862: checking for memory size
configure:35890: result: 15908 MB
configure:35915: checking for appropriate number of jobs to run in parallel
configure:35936: result: 4
Check if jvm arg is ok: -verbosegc
Command: /usr/lib/jvm/java-8-jdk/bin/java -verbosegc -version
Check if jvm arg is ok: -Xverbose:gc
Command: /usr/lib/jvm/java-8-jdk/bin/java -Xverbose:gc -version
Arg failed:
Unrecognized option: -Xverbose:gc
Error: Could not create the Java Virtual Machine.
Error: A fatal exception has occurred. Program will exit.
Check if jvm arg is ok: -d64
Command: /usr/lib/jvm/java-8-jdk/bin/java  -verbosegc -d64 -version
Check if jvm arg is ok: -Xms6G -Xmx6G
Command: /usr/lib/jvm/java-8-jdk/bin/java  -verbosegc -d64 -Xms6G -Xmx6G -version
configure:36141: checking whether to use sjavac
configure:36150: result: no
configure:36185: checking that precompiled headers work
configure:36194: result: yes
configure:36220: checking for ccache
configure:36238: found /usr/bin/ccache
configure:36250: result: /usr/bin/ccache
configure:36287: checking if ccache supports precompiled headers
configure:36291: result: no, disabling ccache
configure:36360: checking if build directory is on local disk
configure:36386: result: yes
configure:36533: creating /home/mastercoms/sources/sumatra-dev/build/linux-x86_64-normal-server-release/config.status

## ---------------------- ##
## Running config.status. ##
## ---------------------- ##

This file was extended by OpenJDK config.status jdk8, which was
generated by GNU Autoconf 2.69.  Invocation command line was

  CONFIG_FILES    = 
  CONFIG_HEADERS  = 
  CONFIG_LINKS    = 
  CONFIG_COMMANDS = 
  $ /home/mastercoms/sources/sumatra-dev/build/linux-x86_64-normal-server-release/config.status 

on archylap

config.status:1161: creating /home/mastercoms/sources/sumatra-dev/build/linux-x86_64-normal-server-release/spec.gmk
config.status:1161: creating /home/mastercoms/sources/sumatra-dev/build/linux-x86_64-normal-server-release/hotspot-spec.gmk
config.status:1161: creating /home/mastercoms/sources/sumatra-dev/build/linux-x86_64-normal-server-release/bootcycle-spec.gmk
config.status:1161: creating /home/mastercoms/sources/sumatra-dev/build/linux-x86_64-normal-server-release/compare.sh
config.status:1161: creating /home/mastercoms/sources/sumatra-dev/build/linux-x86_64-normal-server-release/spec.sh
config.status:1161: creating /home/mastercoms/sources/sumatra-dev/build/linux-x86_64-normal-server-release/Makefile
config.status:1161: creating /home/mastercoms/sources/sumatra-dev/build/linux-x86_64-normal-server-release/config.h
config.status:1316: /home/mastercoms/sources/sumatra-dev/build/linux-x86_64-normal-server-release/config.h is unchanged

## ---------------- ##
## Cache variables. ##
## ---------------- ##

ac_cv_build=x86_64-unknown-linux-gnu
ac_cv_c_bigendian=no
ac_cv_c_compiler_gnu=yes
ac_cv_cxx_compiler_gnu=yes
ac_cv_env_ALSA_CFLAGS_set=
ac_cv_env_ALSA_CFLAGS_value=
ac_cv_env_ALSA_LIBS_set=
ac_cv_env_ALSA_LIBS_value=
ac_cv_env_CCC_set=
ac_cv_env_CCC_value=
ac_cv_env_CC_set=
ac_cv_env_CC_value=
ac_cv_env_CFLAGS_set=set
ac_cv_env_CFLAGS_value=-Wno-error=deprecated-declarations
ac_cv_env_CPPFLAGS_set=
ac_cv_env_CPPFLAGS_value=
ac_cv_env_CPP_set=
ac_cv_env_CPP_value=
ac_cv_env_CXXCPP_set=
ac_cv_env_CXXCPP_value=
ac_cv_env_CXXFLAGS_set=
ac_cv_env_CXXFLAGS_value=
ac_cv_env_CXX_set=
ac_cv_env_CXX_value=
ac_cv_env_FREETYPE_CFLAGS_set=
ac_cv_env_FREETYPE_CFLAGS_value=
ac_cv_env_FREETYPE_LIBS_set=
ac_cv_env_FREETYPE_LIBS_value=
ac_cv_env_LDFLAGS_set=
ac_cv_env_LDFLAGS_value=
ac_cv_env_LIBFFI_CFLAGS_set=
ac_cv_env_LIBFFI_CFLAGS_value=
ac_cv_env_LIBFFI_LIBS_set=
ac_cv_env_LIBFFI_LIBS_value=
ac_cv_env_LIBS_set=
ac_cv_env_LIBS_value=
ac_cv_env_OBJCFLAGS_set=
ac_cv_env_OBJCFLAGS_value=
ac_cv_env_OBJC_set=
ac_cv_env_OBJC_value=
ac_cv_env_PKG_CONFIG_set=
ac_cv_env_PKG_CONFIG_value=
ac_cv_env_XMKMF_set=
ac_cv_env_XMKMF_value=
ac_cv_env_build_alias_set=
ac_cv_env_build_alias_value=
ac_cv_env_host_alias_set=
ac_cv_env_host_alias_value=
ac_cv_env_target_alias_set=
ac_cv_env_target_alias_value=
ac_cv_func_connect=yes
ac_cv_func_gethostbyname=yes
ac_cv_func_remove=yes
ac_cv_func_shmat=yes
ac_cv_have_x='have_x=yes	ac_x_includes='\'''\''	ac_x_libraries='\'''\'''
ac_cv_header_X11_Intrinsic_h=yes
ac_cv_header_X11_extensions_XTest_h=yes
ac_cv_header_X11_extensions_Xrender_h=yes
ac_cv_header_X11_extensions_shape_h=yes
ac_cv_header_cups_cups_h=yes
ac_cv_header_cups_ppd_h=yes
ac_cv_header_inttypes_h=yes
ac_cv_header_memory_h=yes
ac_cv_header_stdc=yes
ac_cv_header_stdint_h=yes
ac_cv_header_stdio_h=yes
ac_cv_header_stdlib_h=yes
ac_cv_header_string_h=yes
ac_cv_header_strings_h=yes
ac_cv_header_sys_stat_h=yes
ac_cv_header_sys_types_h=yes
ac_cv_header_unistd_h=yes
ac_cv_host=x86_64-unknown-linux-gnu
ac_cv_lib_ICE_IceConnectionNumber=yes
ac_cv_lib_dl_dlopen=yes
ac_cv_lib_jpeg_main=yes
ac_cv_lib_m_cos=yes
ac_cv_lib_z_compress=yes
ac_cv_objext=o
ac_cv_path_BASENAME=/usr/bin/basename
ac_cv_path_BASH=/usr/bin/bash
ac_cv_path_CAT=/usr/bin/cat
ac_cv_path_CCACHE=/usr/bin/ccache
ac_cv_path_CHECK_MAKE=/usr/bin/make
ac_cv_path_CHMOD=/usr/bin/chmod
ac_cv_path_CMP=/usr/bin/cmp
ac_cv_path_COMM=/usr/bin/comm
ac_cv_path_CP=/usr/bin/cp
ac_cv_path_CPIO=/usr/bin/cpio
ac_cv_path_CUT=/usr/bin/cut
ac_cv_path_DATE=/usr/bin/date
ac_cv_path_DF=/usr/bin/df
ac_cv_path_DIFF=/usr/bin/diff
ac_cv_path_DIRNAME=/usr/bin/dirname
ac_cv_path_ECHO=/usr/bin/echo
ac_cv_path_EGREP='/usr/bin/grep -E'
ac_cv_path_EXPR=/usr/bin/expr
ac_cv_path_FGREP='/usr/bin/grep -F'
ac_cv_path_FILE=/usr/bin/file
ac_cv_path_FIND=/usr/bin/find
ac_cv_path_GREP=/usr/bin/grep
ac_cv_path_HEAD=/usr/bin/head
ac_cv_path_HG=/usr/bin/hg
ac_cv_path_JAVAC_CHECK=/home/mastercoms/sources/sumatra-dev/build/linux-x86_64-normal-server-release/jdk/bin/javac
ac_cv_path_JAVA_CHECK=/home/mastercoms/sources/sumatra-dev/build/linux-x86_64-normal-server-release/jdk/bin/java
ac_cv_path_LDD=/usr/bin/ldd
ac_cv_path_LN=/usr/bin/ln
ac_cv_path_LS=/usr/bin/ls
ac_cv_path_MKDIR=/usr/bin/mkdir
ac_cv_path_MKTEMP=/usr/bin/mktemp
ac_cv_path_MV=/usr/bin/mv
ac_cv_path_NAWK=/usr/bin/gawk
ac_cv_path_POTENTIAL_CC=/usr/bin/gcc
ac_cv_path_POTENTIAL_CXX=/usr/bin/g++
ac_cv_path_PRINTF=/usr/bin/printf
ac_cv_path_READELF=/usr/bin/readelf
ac_cv_path_READLINK=/usr/bin/readlink
ac_cv_path_RM=/usr/bin/rm
ac_cv_path_SED=/usr/bin/sed
ac_cv_path_SH=/usr/bin/sh
ac_cv_path_SORT=/usr/bin/sort
ac_cv_path_STAT=/usr/bin/stat
ac_cv_path_TAIL=/usr/bin/tail
ac_cv_path_TAR=/usr/bin/tar
ac_cv_path_TEE=/usr/bin/tee
ac_cv_path_TOUCH=/usr/bin/touch
ac_cv_path_TR=/usr/bin/tr
ac_cv_path_UNAME=/usr/bin/uname
ac_cv_path_UNIQ=/usr/bin/uniq
ac_cv_path_UNZIP=/usr/bin/unzip
ac_cv_path_WC=/usr/bin/wc
ac_cv_path_WHICH=/usr/bin/which
ac_cv_path_XARGS=/usr/bin/xargs
ac_cv_path_ZIP=/usr/bin/zip
ac_cv_path_ac_pt_PKG_CONFIG=/usr/bin/pkg-config
ac_cv_prog_AWK=gawk
ac_cv_prog_BDEPS_FTP=wget
ac_cv_prog_BDEPS_UNZIP=7z
ac_cv_prog_CPP='/usr/bin/gcc -E'
ac_cv_prog_CXXCPP='/usr/bin/g++ -E'
ac_cv_prog_ac_ct_AR=ar
ac_cv_prog_ac_ct_NM=nm
ac_cv_prog_ac_ct_OBJCOPY=objcopy
ac_cv_prog_ac_ct_OBJDUMP=objdump
ac_cv_prog_ac_ct_STRIP=strip
ac_cv_prog_cc_c89=
ac_cv_prog_cc_g=yes
ac_cv_prog_cxx_g=yes
ac_cv_sizeof_int_p=8
ac_cv_target=x86_64-unknown-linux-gnu
pkg_cv_ALSA_CFLAGS=-I/usr/include/alsa
pkg_cv_ALSA_LIBS=-lasound
pkg_cv_FREETYPE_CFLAGS='-I/usr/include/freetype2 -I/usr/include/libpng16 -I/usr/include/harfbuzz -I/usr/include/glib-2.0 -I/usr/lib/glib-2.0/include'
pkg_cv_FREETYPE_LIBS=-lfreetype

## ----------------- ##
## Output variables. ##
## ----------------- ##

ADD_SRC_ROOT=''
ALSA_CFLAGS='-I/usr/include/alsa'
ALSA_LIBS='-lasound'
AR='/usr/bin/ar'
ARFLAGS=''
AR_OUT_OPTION='rcs$(SPACE)'
AS='/usr/bin/gcc -c'
AWK='gawk'
BASENAME='/usr/bin/basename'
BASH='/usr/bin/bash'
BDEPS_FTP='wget'
BDEPS_UNZIP='7z x'
BOOT_JDK='/usr/lib/jvm/java-8-jdk'
BOOT_JDK_JVMARGS=' -Xms64M -Xmx1100M -XX:ThreadStackSize=1536'
BOOT_JDK_SOURCETARGET='-source 7 -target 7'
BOOT_RTJAR='/usr/lib/jvm/java-8-jdk/jre/lib/rt.jar'
BOOT_TOOLSJAR='/usr/lib/jvm/java-8-jdk/lib/tools.jar'
BUILD_CC='/usr/bin/gcc'
BUILD_CXX='/usr/bin/g++'
BUILD_HEADLESS='BUILD_HEADLESS:=true'
BUILD_HOTSPOT='true'
BUILD_LD='/usr/bin/gcc'
BUILD_LOG='$(OUTPUT_ROOT)/build.log'
BUILD_LOG_PREVIOUS='$(OUTPUT_ROOT)/build.log.old'
BUILD_LOG_WRAPPER='$(BASH) $(SRC_ROOT)/common/bin/logger.sh $(BUILD_LOG)'
BUILD_OUTPUT='/home/mastercoms/sources/sumatra-dev/build/linux-x86_64-normal-server-release'
BUILD_VARIANT_RELEASE=''
CACERTS_FILE='/home/mastercoms/sources/sumatra-dev/jdk/src/share/lib/security/cacerts'
CAT='/usr/bin/cat'
CC='/usr/bin/gcc'
CCACHE=''
CC_OUT_OPTION='-o$(SPACE)'
CC_VERSION='6.3.1'
CFLAGS='-Wno-error=deprecated-declarations'
CFLAGS_DEBUG_SYMBOLS='-g'
CFLAGS_JDKEXE='  -W -Wall -Wno-unused -Wno-parentheses       -pipe       -D_GNU_SOURCE -D_REENTRANT -D_LARGEFILE64_SOURCE -fno-omit-frame-pointer -D_LP64=1 -D_LITTLE_ENDIAN -DNDEBUG -DARCH='\''"amd64"'\'' -Damd64 -DRELEASE='\''"$(RELEASE)"'\''       -I/home/mastercoms/sources/sumatra-dev/build/linux-x86_64-normal-server-release/jdk/include       -I/home/mastercoms/sources/sumatra-dev/build/linux-x86_64-normal-server-release/jdk/include/linux       -I/home/mastercoms/sources/sumatra-dev/jdk/src/share/javavm/export       -I/home/mastercoms/sources/sumatra-dev/jdk/src/solaris/javavm/export       -I/home/mastercoms/sources/sumatra-dev/jdk/src/share/native/common       -I/home/mastercoms/sources/sumatra-dev/jdk/src/solaris/native/common   -fno-strict-aliasing -fno-delete-null-pointer-checks -fno-lifetime-dse'
CFLAGS_JDKLIB='  -W -Wall -Wno-unused -Wno-parentheses       -pipe       -D_GNU_SOURCE -D_REENTRANT -D_LARGEFILE64_SOURCE -fno-omit-frame-pointer -D_LP64=1 -D_LITTLE_ENDIAN -DNDEBUG -DARCH='\''"amd64"'\'' -Damd64 -DRELEASE='\''"$(RELEASE)"'\''       -I/home/mastercoms/sources/sumatra-dev/build/linux-x86_64-normal-server-release/jdk/include       -I/home/mastercoms/sources/sumatra-dev/build/linux-x86_64-normal-server-release/jdk/include/linux       -I/home/mastercoms/sources/sumatra-dev/jdk/src/share/javavm/export       -I/home/mastercoms/sources/sumatra-dev/jdk/src/solaris/javavm/export       -I/home/mastercoms/sources/sumatra-dev/jdk/src/share/native/common       -I/home/mastercoms/sources/sumatra-dev/jdk/src/solaris/native/common   -fno-strict-aliasing -fno-delete-null-pointer-checks -fno-lifetime-dse -fPIC '
CHECK_GMAKE=''
CHECK_MAKE='/usr/bin/make'
CHECK_TOOLSDIR_GMAKE=''
CHECK_TOOLSDIR_MAKE=''
CHMOD='/usr/bin/chmod'
CMP='/usr/bin/cmp'
CODESIGN=''
COMM='/usr/bin/comm'
COMPANY_NAME='N/A'
COMPILER_NAME='gcc'
COMPILER_SUPPORTS_TARGET_BITS_FLAG='true'
COMPILER_TYPE='CC'
COMPILE_TYPE='native'
COMPRESS_JARS='false'
CONFIGURE_COMMAND_LINE='--with-milestone=fcs --enable-unlimited-crypto --with-zlib=system'
CONF_NAME='linux-x86_64-normal-server-release'
COOKED_BUILD_NUMBER='0'
COPYRIGHT_YEAR='2017'
CORBA_TOPDIR='/home/mastercoms/sources/sumatra-dev/corba'
CP='/usr/bin/cp'
CPIO='/usr/bin/cpio'
CPP='/usr/bin/gcc -E'
CPPFLAGS=''
CUPS_CFLAGS=''
CUSTOM_MAKE_DIR=''
CUT='/usr/bin/cut'
CXX='/usr/bin/g++'
CXXCPP='/usr/bin/g++ -E'
CXXFLAGS=' -I/usr/include/freetype2 -I/usr/include/libpng16 -I/usr/include/harfbuzz -I/usr/include/glib-2.0 -I/usr/lib/glib-2.0/include'
CXXFLAGS_DEBUG_SYMBOLS='-g'
CXXFLAGS_JDKEXE='  -W -Wall -Wno-unused -Wno-parentheses       -pipe       -D_GNU_SOURCE -D_REENTRANT -D_LARGEFILE64_SOURCE -fno-omit-frame-pointer -D_LP64=1 -D_LITTLE_ENDIAN -DNDEBUG -DARCH='\''"amd64"'\'' -Damd64 -DRELEASE='\''"$(RELEASE)"'\''       -I/home/mastercoms/sources/sumatra-dev/build/linux-x86_64-normal-server-release/jdk/include       -I/home/mastercoms/sources/sumatra-dev/build/linux-x86_64-normal-server-release/jdk/include/linux       -I/home/mastercoms/sources/sumatra-dev/jdk/src/share/javavm/export       -I/home/mastercoms/sources/sumatra-dev/jdk/src/solaris/javavm/export       -I/home/mastercoms/sources/sumatra-dev/jdk/src/share/native/common       -I/home/mastercoms/sources/sumatra-dev/jdk/src/solaris/native/common   -std=gnu++98'
CXXFLAGS_JDKLIB='  -W -Wall -Wno-unused -Wno-parentheses       -pipe       -D_GNU_SOURCE -D_REENTRANT -D_LARGEFILE64_SOURCE -fno-omit-frame-pointer -D_LP64=1 -D_LITTLE_ENDIAN -DNDEBUG -DARCH='\''"amd64"'\'' -Damd64 -DRELEASE='\''"$(RELEASE)"'\''       -I/home/mastercoms/sources/sumatra-dev/build/linux-x86_64-normal-server-release/jdk/include       -I/home/mastercoms/sources/sumatra-dev/build/linux-x86_64-normal-server-release/jdk/include/linux       -I/home/mastercoms/sources/sumatra-dev/jdk/src/share/javavm/export       -I/home/mastercoms/sources/sumatra-dev/jdk/src/solaris/javavm/export       -I/home/mastercoms/sources/sumatra-dev/jdk/src/share/native/common       -I/home/mastercoms/sources/sumatra-dev/jdk/src/solaris/native/common   -std=gnu++98 -fPIC  '
CXXSTD_CXXFLAG='-std=gnu++98'
CXX_FLAG_DEPS='-MMD -MF'
CXX_FLAG_REORDER=''
CXX_O_FLAG_HI='-O3'
CXX_O_FLAG_HIGHEST='-O3'
CXX_O_FLAG_NONE='-O0'
CXX_O_FLAG_NORM='-O2'
CXX_VERSION='6.3.1'
CYGPATH=''
CYGWIN_LINK=''
C_FLAG_DEPS='-MMD -MF'
C_FLAG_REORDER=''
C_O_FLAG_HI='-O3'
C_O_FLAG_HIGHEST='-O3'
C_O_FLAG_NONE='-O0'
C_O_FLAG_NORM='-O2'
DATE='/usr/bin/date'
DATE_WHEN_CONFIGURED='Wed Apr 12 00:09:53 EDT 2017'
DEBUG_CLASSFILES='false'
DEBUG_LEVEL='release'
DEFINE_CROSS_COMPILE_ARCH=''
DEFS='-DHAVE_CONFIG_H'
DF='/usr/bin/df'
DIFF='/usr/bin/diff'
DIRNAME='/usr/bin/dirname'
DSYMUTIL=''
DUMPBIN=''
ECHO='/usr/bin/echo'
ECHO_C=''
ECHO_N='-n'
ECHO_T=''
EGREP='/usr/bin/grep -E'
ENABLE_DEBUG_SYMBOLS='true'
ENABLE_INTREE_EC='yes'
ENABLE_SJAVAC='no'
EXEEXT=''
EXE_OUT_OPTION='-o$(SPACE)'
EXE_SUFFIX=''
EXPR='/usr/bin/expr'
FASTDEBUG='false'
FGREP='/usr/bin/grep -F'
FILE='/usr/bin/file'
FIND='/usr/bin/find'
FIND_DELETE='-delete'
FIXPATH=''
FREETYPE_BUNDLE_LIB_PATH=''
FREETYPE_CFLAGS='-I/usr/include/freetype2 -I/usr/include/libpng16 -I/usr/include/harfbuzz -I/usr/include/glib-2.0 -I/usr/lib/glib-2.0/include'
FREETYPE_LIBS='-lfreetype'
GNM='/usr/bin/nm'
GREP='/usr/bin/grep'
HEAD='/usr/bin/head'
HG='/usr/bin/hg'
HOTSPOT_CXX='/usr/bin/g++'
HOTSPOT_DIST='/home/mastercoms/sources/sumatra-dev/build/linux-x86_64-normal-server-release/hotspot/dist'
HOTSPOT_LD='/usr/bin/gcc'
HOTSPOT_MAKE_ARGS='product  docs export_product'
HOTSPOT_MT=''
HOTSPOT_RC=''
HOTSPOT_TOPDIR='/home/mastercoms/sources/sumatra-dev/hotspot'
INCLUDE_SA='true'
IS_GNU_TIME='no'
JAVAC_CHECK='/home/mastercoms/sources/sumatra-dev/build/linux-x86_64-normal-server-release/jdk/bin/javac'
JAVAC_FLAGS=''
JAVA_CHECK='/home/mastercoms/sources/sumatra-dev/build/linux-x86_64-normal-server-release/jdk/bin/java'
JAXP_TOPDIR='/home/mastercoms/sources/sumatra-dev/jaxp'
JAXWS_TOPDIR='/home/mastercoms/sources/sumatra-dev/jaxws'
JDK_BUILD_NUMBER='b00'
JDK_MAJOR_VERSION='1'
JDK_MICRO_VERSION='0'
JDK_MINOR_VERSION='8'
JDK_RC_PLATFORM_NAME='Platform'
JDK_TOPDIR='/home/mastercoms/sources/sumatra-dev/jdk'
JDK_UPDATE_VERSION=''
JDK_VARIANT='normal'
JDK_VERSION='1.8.0'
JOBS='4'
JTREGEXE=''
JT_HOME=''
JVM_VARIANTS=',server,'
JVM_VARIANT_CLIENT='false'
JVM_VARIANT_KERNEL='false'
JVM_VARIANT_MINIMAL1='false'
JVM_VARIANT_SERVER='true'
JVM_VARIANT_ZERO='false'
JVM_VARIANT_ZEROSHARK='false'
LANGTOOLS_TOPDIR='/home/mastercoms/sources/sumatra-dev/langtools'
LAUNCHER_NAME='openjdk'
LD='/usr/bin/gcc'
LDCXX='/usr/bin/gcc'
LDD='/usr/bin/ldd'
LDEXE='/usr/bin/gcc'
LDEXECXX='/usr/bin/g++'
LDFLAGS=''
LDFLAGS_CXX_JDK=''
LDFLAGS_JDKEXE='  -Xlinker --hash-style=both  -Xlinker -z -Xlinker defs -Xlinker -O1 -Xlinker --allow-shlib-undefined'
LDFLAGS_JDKEXE_SUFFIX=''
LDFLAGS_JDKLIB='  -Xlinker --hash-style=both  -Xlinker -z -Xlinker defs -Xlinker -O1 -shared         -L/home/mastercoms/sources/sumatra-dev/build/linux-x86_64-normal-server-release/jdk/lib/amd64 -L/home/mastercoms/sources/sumatra-dev/build/linux-x86_64-normal-server-release/jdk/lib/amd64/server'
LDFLAGS_JDKLIB_SUFFIX='-ljava -ljvm'
LD_OUT_OPTION='-o$(SPACE)'
LEGACY_EXTRA_CFLAGS=''
LEGACY_EXTRA_CXXFLAGS=''
LEGACY_EXTRA_LDFLAGS=''
LIBCXX=' -Wl,-Bstatic -lstdc++ -lgcc -Wl,-Bdynamic'
LIBDL='-ldl '
LIBFFI_CFLAGS=''
LIBFFI_LIBS=''
LIBM=''
LIBOBJS=''
LIBRARY_PREFIX='lib'
LIBS='-lm -ljpeg '
LIBZIP_CAN_USE_MMAP='true'
LIPO=''
LLVM_CFLAGS=''
LLVM_CONFIG=''
LLVM_LDFLAGS=''
LLVM_LIBS=''
LN='/usr/bin/ln'
LP64='LP64:='
LS='/usr/bin/ls'
LTLIBOBJS=''
MACOSX_BUNDLE_ID_BASE='net.java.openjdk'
MACOSX_BUNDLE_NAME_BASE='OpenJDK'
MACOSX_UNIVERSAL=''
MACOSX_VERSION_MIN=''
MAKE='/usr/bin/make'
MCS=''
MEMORY_SIZE='15908'
MILESTONE='fcs'
MKDIR='/usr/bin/mkdir'
MKTEMP='/usr/bin/mktemp'
MSVCR_DLL=''
MT=''
MV='/usr/bin/mv'
NASHORN_TOPDIR='/home/mastercoms/sources/sumatra-dev/nashorn'
NAWK='/usr/bin/gawk'
NM='/usr/bin/nm'
NO_DELETE_NULL_POINTER_CHECKS_CFLAG='-fno-delete-null-pointer-checks'
NO_LIFETIME_DSE_CFLAG='-fno-lifetime-dse'
NUM_CORES='4'
OBJC=''
OBJCFLAGS=''
OBJCOPY='/usr/bin/objcopy'
OBJDUMP='/usr/bin/objdump'
OBJEXT='o'
OBJ_SUFFIX='.o'
OPENJDK_BUILD_AUTOCONF_NAME='x86_64-unknown-linux-gnu'
OPENJDK_BUILD_CPU='x86_64'
OPENJDK_BUILD_CPU_ARCH='x86'
OPENJDK_BUILD_CPU_BITS='64'
OPENJDK_BUILD_CPU_ENDIAN='little'
OPENJDK_BUILD_OS='linux'
OPENJDK_BUILD_OS_API='posix'
OPENJDK_TARGET_AUTOCONF_NAME='x86_64-unknown-linux-gnu'
OPENJDK_TARGET_CPU='x86_64'
OPENJDK_TARGET_CPU_ARCH='x86'
OPENJDK_TARGET_CPU_BITS='64'
OPENJDK_TARGET_CPU_ENDIAN='little'
OPENJDK_TARGET_CPU_ISADIR=''
OPENJDK_TARGET_CPU_JLI_CFLAGS='-DLIBARCHNAME='\''"amd64"'\'''
OPENJDK_TARGET_CPU_LEGACY='amd64'
OPENJDK_TARGET_CPU_LEGACY_LIB='amd64'
OPENJDK_TARGET_CPU_LIBDIR='/amd64'
OPENJDK_TARGET_CPU_OSARCH='amd64'
OPENJDK_TARGET_OS='linux'
OPENJDK_TARGET_OS_API='posix'
OPENJDK_TARGET_OS_API_DIR='solaris'
OPENJDK_TARGET_OS_EXPORT_DIR='solaris'
OPENWIN_HOME=''
OS_VERSION_MAJOR='4'
OS_VERSION_MICRO='9'
OS_VERSION_MINOR='10'
OTOOL='true'
OUTPUT_ROOT='/home/mastercoms/sources/sumatra-dev/build/linux-x86_64-normal-server-release'
OVERRIDE_SRC_ROOT=''
PACKAGE_BUGREPORT='build-dev@openjdk.java.net'
PACKAGE_NAME='OpenJDK'
PACKAGE_PATH='/opt/local'
PACKAGE_STRING='OpenJDK jdk8'
PACKAGE_TARNAME='openjdk'
PACKAGE_URL='http://openjdk.java.net'
PACKAGE_VERSION='jdk8'
PATH_SEP=':'
PATH_SEPARATOR=':'
PKGHANDLER=''
PKG_CONFIG='/usr/bin/pkg-config'
POST_MCS_CMD=''
POST_STRIP_CMD='/usr/bin/strip -g'
POTENTIAL_CC='/usr/bin/gcc'
POTENTIAL_CXX='/usr/bin/g++'
PRINTF='/usr/bin/printf'
PRODUCT_NAME='OpenJDK'
PRODUCT_SUFFIX='Runtime Environment'
PROPER_COMPILER_CC=''
PROPER_COMPILER_CXX=''
RC=''
RC_FLAGS=''
READELF='/usr/bin/readelf'
READLINK='/usr/bin/readlink'
REQUIRED_OS_NAME='Linux'
REQUIRED_OS_VERSION='2.6'
RM='/usr/bin/rm -f'
SALIB_NAME='libsaproc.so'
SED='/usr/bin/sed'
SETFILE=''
SET_EXECUTABLE_ORIGIN='-Xlinker -rpath -Xlinker \$$$$ORIGIN$1'
SET_OPENJDK='OPENJDK=true'
SET_SHARED_LIBRARY_MAPFILE='-Xlinker -version-script=$1'
SET_SHARED_LIBRARY_NAME='-Xlinker -soname=$1'
SET_SHARED_LIBRARY_ORIGIN='-Xlinker -z -Xlinker origin -Xlinker -rpath -Xlinker \$$$$ORIGIN$1'
SH='/usr/bin/sh'
SHARED_LIBRARY='lib$1.so'
SHARED_LIBRARY_FLAGS='-shared'
SHARED_LIBRARY_SUFFIX='.so'
SHELL='/bin/sh'
SJAVAC_SERVER_DIR=''
SJAVAC_SERVER_JAVA='/usr/lib/jvm/java-8-jdk/bin/java  -verbosegc -d64 -Xms6G -Xmx6G'
SORT='/usr/bin/sort'
SPEC='/home/mastercoms/sources/sumatra-dev/build/linux-x86_64-normal-server-release/spec.gmk'
SRC_ROOT='/home/mastercoms/sources/sumatra-dev'
STAT='/usr/bin/stat'
STATIC_CXX_SETTING='STATIC_CXX=true'
STATIC_LIBRARY='lib$1.a'
STATIC_LIBRARY_SUFFIX='.a'
STRIP='/usr/bin/strip'
SUPPORT_HEADFUL='yes'
SUPPORT_HEADLESS='yes'
SYS_ROOT='/'
TAIL='/usr/bin/tail'
TAR='/usr/bin/tar'
TEE='/usr/bin/tee'
TEST_IN_BUILD='false'
TIME=''
TOOLS_DIR_CC=''
TOOLS_DIR_CXX=''
TOUCH='/usr/bin/touch'
TR='/usr/bin/tr'
UNAME='/usr/bin/uname'
UNIQ='/usr/bin/uniq'
UNLIMITED_CRYPTO='true'
UNZIP='/usr/bin/unzip'
USER_RELEASE_SUFFIX='mastercoms_2017_04_12_00_09'
USE_EXTERNAL_LIBGIF='false'
USE_EXTERNAL_LIBJPEG='true'
USE_EXTERNAL_LIBZ='true'
USE_PRECOMPILED_HEADER='1'
VARIANT='OPT'
VS_INCLUDE=''
VS_LIB=''
VS_PATH=''
WC='/usr/bin/wc'
WHICH='/usr/bin/which'
WINAR=''
WINLD=''
XARGS='/usr/bin/xargs'
XATTR=''
XMKMF=''
X_CFLAGS=''
X_EXTRA_LIBS=''
X_LIBS=''
X_PRE_LIBS=' -lSM -lICE'
ZERO_ARCHDEF='AMD64'
ZERO_ARCHFLAG='-m64'
ZIP='/usr/bin/zip'
ZIP_DEBUGINFO_FILES='true'
ac_ct_CC=''
ac_ct_CXX=''
ac_ct_OBJC=''
ac_ct_OBJCOPY='objcopy'
ac_ct_OBJDUMP='objdump'
ac_ct_PROPER_COMPILER_CC=''
ac_ct_PROPER_COMPILER_CXX=''
bindir='${exec_prefix}/bin'
build='x86_64-unknown-linux-gnu'
build_alias=''
build_cpu='x86_64'
build_os='linux-gnu'
build_vendor='unknown'
datadir='${datarootdir}'
datarootdir='${prefix}/share'
docdir='${datarootdir}/doc/${PACKAGE_TARNAME}'
dvidir='${docdir}'
exec_prefix='${prefix}'
host='x86_64-unknown-linux-gnu'
host_alias=''
host_cpu='x86_64'
host_os='linux-gnu'
host_vendor='unknown'
htmldir='${docdir}'
includedir='${prefix}/include'
infodir='${datarootdir}/info'
libdir='${exec_prefix}/lib'
libexecdir='${exec_prefix}/libexec'
localedir='${datarootdir}/locale'
localstatedir='${prefix}/var'
mandir='${datarootdir}/man'
oldincludedir='/usr/include'
pdfdir='${docdir}'
prefix='/usr/local'
program_transform_name='s,x,x,'
psdir='${docdir}'
sbindir='${exec_prefix}/sbin'
sharedstatedir='${prefix}/com'
sysconfdir='${prefix}/etc'
target='x86_64-unknown-linux-gnu'
target_alias=''
target_cpu='x86_64'
target_os='linux-gnu'
target_vendor='unknown'

## ----------- ##
## confdefs.h. ##
## ----------- ##

/* confdefs.h */
#define PACKAGE_NAME "OpenJDK"
#define PACKAGE_TARNAME "openjdk"
#define PACKAGE_VERSION "jdk8"
#define PACKAGE_STRING "OpenJDK jdk8"
#define PACKAGE_BUGREPORT "build-dev@openjdk.java.net"
#define PACKAGE_URL "http://openjdk.java.net"
#define STDC_HEADERS 1
#define HAVE_SYS_TYPES_H 1
#define HAVE_SYS_STAT_H 1
#define HAVE_STDLIB_H 1
#define HAVE_STRING_H 1
#define HAVE_MEMORY_H 1
#define HAVE_STRINGS_H 1
#define HAVE_INTTYPES_H 1
#define HAVE_STDINT_H 1
#define HAVE_UNISTD_H 1
#define HAVE_STDIO_H 1
#define SIZEOF_INT_P 8
#define HAVE_X11_EXTENSIONS_SHAPE_H 1
#define HAVE_X11_EXTENSIONS_XRENDER_H 1
#define HAVE_X11_EXTENSIONS_XTEST_H 1
#define HAVE_X11_INTRINSIC_H 1
#define HAVE_CUPS_CUPS_H 1
#define HAVE_CUPS_PPD_H 1
#define HAVE_LIBJPEG 1
#define HAVE_LIBM 1
#define HAVE_LIBDL 1

configure: exit 0
